{
  "stats": {
    "suites": 11,
    "tests": 25,
    "passes": 25,
    "pending": 0,
    "failures": 0,
    "start": "2023-04-25T12:28:57.314Z",
    "end": "2023-04-25T12:28:59.455Z",
    "duration": 2141,
    "testsRegistered": 25,
    "passPercent": 100,
    "pendingPercent": 0,
    "other": 0,
    "hasOther": false,
    "skipped": 0,
    "hasSkipped": false
  },
  "results": [
    {
      "uuid": "af8e89fc-a8bc-4c6c-a36a-13aa8876b227",
      "title": "",
      "fullFile": "",
      "file": "",
      "beforeHooks": [],
      "afterHooks": [],
      "tests": [],
      "suites": [
        {
          "uuid": "5bb6046e-38e9-4105-806f-cf5eb6a9519c",
          "title": "Assert check",
          "fullFile": "C:\\Users\\manishranjan.behera\\Desktop\\Testing\\test-case\\chai.spec.js",
          "file": "\\test-case\\chai.spec.js",
          "beforeHooks": [],
          "afterHooks": [],
          "tests": [
            {
              "title": "check string",
              "fullTitle": "Assert check check string",
              "timedOut": false,
              "duration": 1,
              "state": "passed",
              "speed": "fast",
              "pass": true,
              "fail": false,
              "pending": false,
              "context": null,
              "code": "assert.typeOf(userName,'string')",
              "err": {},
              "uuid": "80493c04-833d-4e42-9c9c-13bf7707b725",
              "parentUUID": "5bb6046e-38e9-4105-806f-cf5eb6a9519c",
              "isHook": false,
              "skipped": false
            },
            {
              "title": "equal match",
              "fullTitle": "Assert check equal match",
              "timedOut": false,
              "duration": 0,
              "state": "passed",
              "speed": "fast",
              "pass": true,
              "fail": false,
              "pending": false,
              "context": null,
              "code": "assert.equal(userName,'manish')",
              "err": {},
              "uuid": "37031228-8c0b-416d-acf4-13da1a9e7605",
              "parentUUID": "5bb6046e-38e9-4105-806f-cf5eb6a9519c",
              "isHook": false,
              "skipped": false
            },
            {
              "title": "length",
              "fullTitle": "Assert check length",
              "timedOut": false,
              "duration": 1,
              "state": "passed",
              "speed": "fast",
              "pass": true,
              "fail": false,
              "pending": false,
              "context": null,
              "code": "assert.lengthOf(list.item,1)",
              "err": {},
              "uuid": "7d29bf47-49c3-40b5-9ba2-3650a20e5417",
              "parentUUID": "5bb6046e-38e9-4105-806f-cf5eb6a9519c",
              "isHook": false,
              "skipped": false
            }
          ],
          "suites": [],
          "passes": [
            "80493c04-833d-4e42-9c9c-13bf7707b725",
            "37031228-8c0b-416d-acf4-13da1a9e7605",
            "7d29bf47-49c3-40b5-9ba2-3650a20e5417"
          ],
          "failures": [],
          "pending": [],
          "skipped": [],
          "duration": 2,
          "root": false,
          "rootEmpty": false,
          "_timeout": 2000
        },
        {
          "uuid": "02f65b20-663d-45f6-8e51-0ed6ac478892",
          "title": "Should check",
          "fullFile": "C:\\Users\\manishranjan.behera\\Desktop\\Testing\\test-case\\chai.spec.js",
          "file": "\\test-case\\chai.spec.js",
          "beforeHooks": [],
          "afterHooks": [],
          "tests": [
            {
              "title": "check string",
              "fullTitle": "Should check check string",
              "timedOut": false,
              "duration": 0,
              "state": "passed",
              "speed": "fast",
              "pass": true,
              "fail": false,
              "pending": false,
              "context": null,
              "code": "userName.should.be.a('string')",
              "err": {},
              "uuid": "f1b5b6bb-8c6d-4cf3-82d1-08992cd795ea",
              "parentUUID": "02f65b20-663d-45f6-8e51-0ed6ac478892",
              "isHook": false,
              "skipped": false
            },
            {
              "title": "equal match",
              "fullTitle": "Should check equal match",
              "timedOut": false,
              "duration": 0,
              "state": "passed",
              "speed": "fast",
              "pass": true,
              "fail": false,
              "pending": false,
              "context": null,
              "code": "userName.should.equal('manish')",
              "err": {},
              "uuid": "064cc182-22cd-4b17-b666-a576389d22ee",
              "parentUUID": "02f65b20-663d-45f6-8e51-0ed6ac478892",
              "isHook": false,
              "skipped": false
            },
            {
              "title": "equal length",
              "fullTitle": "Should check equal length",
              "timedOut": false,
              "duration": 0,
              "state": "passed",
              "speed": "fast",
              "pass": true,
              "fail": false,
              "pending": false,
              "context": null,
              "code": "list.item.should.have.lengthOf(1)",
              "err": {},
              "uuid": "9ff3e6cb-940e-4f0e-b415-a9cfb45811d6",
              "parentUUID": "02f65b20-663d-45f6-8e51-0ed6ac478892",
              "isHook": false,
              "skipped": false
            }
          ],
          "suites": [],
          "passes": [
            "f1b5b6bb-8c6d-4cf3-82d1-08992cd795ea",
            "064cc182-22cd-4b17-b666-a576389d22ee",
            "9ff3e6cb-940e-4f0e-b415-a9cfb45811d6"
          ],
          "failures": [],
          "pending": [],
          "skipped": [],
          "duration": 0,
          "root": false,
          "rootEmpty": false,
          "_timeout": 2000
        },
        {
          "uuid": "bb132625-f700-497c-81c2-d8ab36f2816b",
          "title": "Expect check",
          "fullFile": "C:\\Users\\manishranjan.behera\\Desktop\\Testing\\test-case\\chai.spec.js",
          "file": "\\test-case\\chai.spec.js",
          "beforeHooks": [],
          "afterHooks": [],
          "tests": [
            {
              "title": "check string",
              "fullTitle": "Expect check check string",
              "timedOut": false,
              "duration": 0,
              "state": "passed",
              "speed": "fast",
              "pass": true,
              "fail": false,
              "pending": false,
              "context": null,
              "code": "expect(userName).to.be.a('string')",
              "err": {},
              "uuid": "747e43bf-f0da-49f2-980e-cec5cd35f930",
              "parentUUID": "bb132625-f700-497c-81c2-d8ab36f2816b",
              "isHook": false,
              "skipped": false
            },
            {
              "title": "equal match",
              "fullTitle": "Expect check equal match",
              "timedOut": false,
              "duration": 0,
              "state": "passed",
              "speed": "fast",
              "pass": true,
              "fail": false,
              "pending": false,
              "context": null,
              "code": "expect(userName).to.equal('manish')",
              "err": {},
              "uuid": "c8094706-b34b-4321-9922-49351219c7d2",
              "parentUUID": "bb132625-f700-497c-81c2-d8ab36f2816b",
              "isHook": false,
              "skipped": false
            },
            {
              "title": "equal length",
              "fullTitle": "Expect check equal length",
              "timedOut": false,
              "duration": 0,
              "state": "passed",
              "speed": "fast",
              "pass": true,
              "fail": false,
              "pending": false,
              "context": null,
              "code": "expect(list.item).to.have.lengthOf(1)",
              "err": {},
              "uuid": "e56506c2-ceab-4c9f-b67e-28b3cbc0cd9e",
              "parentUUID": "bb132625-f700-497c-81c2-d8ab36f2816b",
              "isHook": false,
              "skipped": false
            },
            {
              "title": "object match",
              "fullTitle": "Expect check object match",
              "timedOut": false,
              "duration": 1,
              "state": "passed",
              "speed": "fast",
              "pass": true,
              "fail": false,
              "pending": false,
              "context": null,
              "code": "expect(list).to.have.all.keys('item','title','address')",
              "err": {},
              "uuid": "e0f5f09d-1b7c-40c8-a83c-766bfa83ae69",
              "parentUUID": "bb132625-f700-497c-81c2-d8ab36f2816b",
              "isHook": false,
              "skipped": false
            },
            {
              "title": "phone no",
              "fullTitle": "Expect check phone no",
              "timedOut": false,
              "duration": 1,
              "state": "passed",
              "speed": "fast",
              "pass": true,
              "fail": false,
              "pending": false,
              "context": null,
              "code": "expect(list).to.have.nested.property('address.phone[1]')",
              "err": {},
              "uuid": "d7cc7a87-d0e3-448d-a839-a7f92e625ac1",
              "parentUUID": "bb132625-f700-497c-81c2-d8ab36f2816b",
              "isHook": false,
              "skipped": false
            },
            {
              "title": "country name",
              "fullTitle": "Expect check country name",
              "timedOut": false,
              "duration": 1,
              "state": "passed",
              "speed": "fast",
              "pass": true,
              "fail": false,
              "pending": false,
              "context": null,
              "code": "expect(list).to.have.nested.include({'address.country':'India'})",
              "err": {},
              "uuid": "5e16a605-2130-4c85-8090-08f44b112302",
              "parentUUID": "bb132625-f700-497c-81c2-d8ab36f2816b",
              "isHook": false,
              "skipped": false
            }
          ],
          "suites": [],
          "passes": [
            "747e43bf-f0da-49f2-980e-cec5cd35f930",
            "c8094706-b34b-4321-9922-49351219c7d2",
            "e56506c2-ceab-4c9f-b67e-28b3cbc0cd9e",
            "e0f5f09d-1b7c-40c8-a83c-766bfa83ae69",
            "d7cc7a87-d0e3-448d-a839-a7f92e625ac1",
            "5e16a605-2130-4c85-8090-08f44b112302"
          ],
          "failures": [],
          "pending": [],
          "skipped": [],
          "duration": 3,
          "root": false,
          "rootEmpty": false,
          "_timeout": 2000
        },
        {
          "uuid": "22e7c341-5d28-4771-8689-36ab6aade743",
          "title": "-------------hook 1-------------",
          "fullFile": "C:\\Users\\manishranjan.behera\\Desktop\\Testing\\test-case\\hook.spec.js",
          "file": "\\test-case\\hook.spec.js",
          "beforeHooks": [],
          "afterHooks": [],
          "tests": [
            {
              "title": "check string",
              "fullTitle": "-------------hook 1------------- check string",
              "timedOut": false,
              "duration": 1,
              "state": "passed",
              "speed": "fast",
              "pass": true,
              "fail": false,
              "pending": false,
              "context": null,
              "code": "expect(data).to.be.a('string')",
              "err": {},
              "uuid": "6c307616-03e0-42b5-97f0-400092dca569",
              "parentUUID": "22e7c341-5d28-4771-8689-36ab6aade743",
              "isHook": false,
              "skipped": false
            },
            {
              "title": "value",
              "fullTitle": "-------------hook 1------------- value",
              "timedOut": false,
              "duration": 0,
              "state": "passed",
              "speed": "fast",
              "pass": true,
              "fail": false,
              "pending": false,
              "context": null,
              "code": "expect(data).to.be.equal('code')",
              "err": {},
              "uuid": "c4e53a79-56eb-4875-8543-2ed7884b242e",
              "parentUUID": "22e7c341-5d28-4771-8689-36ab6aade743",
              "isHook": false,
              "skipped": false
            },
            {
              "title": "value 2",
              "fullTitle": "-------------hook 1------------- value 2",
              "timedOut": false,
              "duration": 0,
              "state": "passed",
              "speed": "fast",
              "pass": true,
              "fail": false,
              "pending": false,
              "context": null,
              "code": "expect(data).to.be.equal('code')",
              "err": {},
              "uuid": "d7626b9f-d9cf-4db3-a6fd-99ffc1e4bee4",
              "parentUUID": "22e7c341-5d28-4771-8689-36ab6aade743",
              "isHook": false,
              "skipped": false
            }
          ],
          "suites": [],
          "passes": [
            "6c307616-03e0-42b5-97f0-400092dca569",
            "c4e53a79-56eb-4875-8543-2ed7884b242e",
            "d7626b9f-d9cf-4db3-a6fd-99ffc1e4bee4"
          ],
          "failures": [],
          "pending": [],
          "skipped": [],
          "duration": 1,
          "root": false,
          "rootEmpty": false,
          "_timeout": 2000
        },
        {
          "uuid": "790a5193-2ae5-498c-a50a-c91debfa5b3c",
          "title": "-------------hook 2-------------",
          "fullFile": "C:\\Users\\manishranjan.behera\\Desktop\\Testing\\test-case\\hook.spec.js",
          "file": "\\test-case\\hook.spec.js",
          "beforeHooks": [],
          "afterHooks": [],
          "tests": [
            {
              "title": "check string 2",
              "fullTitle": "-------------hook 2------------- check string 2",
              "timedOut": false,
              "duration": 0,
              "state": "passed",
              "speed": "fast",
              "pass": true,
              "fail": false,
              "pending": false,
              "context": null,
              "code": "expect(data).to.be.a('string')",
              "err": {},
              "uuid": "a14fa39a-35a4-4b89-a37d-a7ca45667d70",
              "parentUUID": "790a5193-2ae5-498c-a50a-c91debfa5b3c",
              "isHook": false,
              "skipped": false
            }
          ],
          "suites": [],
          "passes": [
            "a14fa39a-35a4-4b89-a37d-a7ca45667d70"
          ],
          "failures": [],
          "pending": [],
          "skipped": [],
          "duration": 0,
          "root": false,
          "rootEmpty": false,
          "_timeout": 2000
        },
        {
          "uuid": "006e1682-26ac-42e8-89d8-396cdb595b06",
          "title": "-----------------mock----------------",
          "fullFile": "C:\\Users\\manishranjan.behera\\Desktop\\Testing\\test-case\\mock.spec.js",
          "file": "\\test-case\\mock.spec.js",
          "beforeHooks": [],
          "afterHooks": [],
          "tests": [
            {
              "title": "count function",
              "fullTitle": "-----------------mock---------------- count function",
              "timedOut": false,
              "duration": 4,
              "state": "passed",
              "speed": "fast",
              "pass": true,
              "fail": false,
              "pending": false,
              "context": null,
              "code": "var mock = sinon.mock(studentObj)\nvar expt = mock.expects('getExternal')\nexpt.exactly(1);\nexpt.withArgs(40);\nstudentObj.finalMarks(40);\nmock.verify();",
              "err": {},
              "uuid": "75f53ee3-d9bd-4aea-8e92-3af556f148c7",
              "parentUUID": "006e1682-26ac-42e8-89d8-396cdb595b06",
              "isHook": false,
              "skipped": false
            }
          ],
          "suites": [],
          "passes": [
            "75f53ee3-d9bd-4aea-8e92-3af556f148c7"
          ],
          "failures": [],
          "pending": [],
          "skipped": [],
          "duration": 4,
          "root": false,
          "rootEmpty": false,
          "_timeout": 2000
        },
        {
          "uuid": "596e7707-a4f7-4a1b-8689-0c1232470746",
          "title": "------------------nock---------------",
          "fullFile": "C:\\Users\\manishranjan.behera\\Desktop\\Testing\\test-case\\nock.spec.js",
          "file": "\\test-case\\nock.spec.js",
          "beforeHooks": [],
          "afterHooks": [],
          "tests": [
            {
              "title": "API test",
              "fullTitle": "------------------nock--------------- API test",
              "timedOut": false,
              "duration": 26,
              "state": "passed",
              "speed": "fast",
              "pass": true,
              "fail": false,
              "pending": false,
              "context": null,
              "code": "this.timeout(0)\nconst obj = {data:[]}\nconst scope = nock('https://reqres.in/api')\n.get('/unknown')\n.reply(200,obj)\nstdClass.thirdAPI().then(function(record){\n    console.log(record)\n    expect(record).to.be.deep.equal(obj)\n    done();\n}).catch((error)=>{\n    done(new Error('error'+error))\n})",
              "err": {},
              "uuid": "838615e4-8f8d-432d-8313-c549bf8e5796",
              "parentUUID": "596e7707-a4f7-4a1b-8689-0c1232470746",
              "isHook": false,
              "skipped": false
            }
          ],
          "suites": [],
          "passes": [
            "838615e4-8f8d-432d-8313-c549bf8e5796"
          ],
          "failures": [],
          "pending": [],
          "skipped": [],
          "duration": 26,
          "root": false,
          "rootEmpty": false,
          "_timeout": 2000
        },
        {
          "uuid": "a8ba6ab5-caab-43a0-96f0-97e10d2b9b68",
          "title": "-----------------promise----------------",
          "fullFile": "C:\\Users\\manishranjan.behera\\Desktop\\Testing\\test-case\\promise.spec.js",
          "file": "\\test-case\\promise.spec.js",
          "beforeHooks": [],
          "afterHooks": [],
          "tests": [
            {
              "title": "Normal check function",
              "fullTitle": "-----------------promise---------------- Normal check function",
              "timedOut": false,
              "duration": 1013,
              "state": "passed",
              "speed": "slow",
              "pass": true,
              "fail": false,
              "pending": false,
              "context": null,
              "code": "//expect(studentObj.dbData()).to.be.equal(10)\nthis.timeout(1500)\nstudentObj.dbData().then(function(result){\n    expect(result).to.be.equal(10)\n    done();\n});",
              "err": {},
              "uuid": "3a8483e9-b176-481d-87a6-7445064e1b9a",
              "parentUUID": "a8ba6ab5-caab-43a0-96f0-97e10d2b9b68",
              "isHook": false,
              "skipped": false
            },
            {
              "title": "Promised check function",
              "fullTitle": "-----------------promise---------------- Promised check function",
              "timedOut": false,
              "duration": 1011,
              "state": "passed",
              "speed": "slow",
              "pass": true,
              "fail": false,
              "pending": false,
              "context": null,
              "code": "this.timeout(0)\nreturn expect(studentObj.dbData()).to.eventually.equal(10)",
              "err": {},
              "uuid": "0236739c-8884-4025-ac5f-c4322aca5a97",
              "parentUUID": "a8ba6ab5-caab-43a0-96f0-97e10d2b9b68",
              "isHook": false,
              "skipped": false
            },
            {
              "title": "OTP function",
              "fullTitle": "-----------------promise---------------- OTP function",
              "timedOut": false,
              "duration": 1,
              "state": "passed",
              "speed": "fast",
              "pass": true,
              "fail": false,
              "pending": false,
              "context": null,
              "code": "this.timeout(0)\nreturn expect(userCtrl.newsData()).to.eventually.have.deep.property('otp')",
              "err": {},
              "uuid": "8006f5b8-a04f-4347-9f08-9df68bf1c97b",
              "parentUUID": "a8ba6ab5-caab-43a0-96f0-97e10d2b9b68",
              "isHook": false,
              "skipped": false
            }
          ],
          "suites": [],
          "passes": [
            "3a8483e9-b176-481d-87a6-7445064e1b9a",
            "0236739c-8884-4025-ac5f-c4322aca5a97",
            "8006f5b8-a04f-4347-9f08-9df68bf1c97b"
          ],
          "failures": [],
          "pending": [],
          "skipped": [],
          "duration": 2025,
          "root": false,
          "rootEmpty": false,
          "_timeout": 2000
        },
        {
          "uuid": "e22b59d5-0a33-4fdc-973c-b195cc8e8245",
          "title": "------------------spy---------------",
          "fullFile": "C:\\Users\\manishranjan.behera\\Desktop\\Testing\\test-case\\spy.spec.js",
          "file": "\\test-case\\spy.spec.js",
          "beforeHooks": [],
          "afterHooks": [],
          "tests": [
            {
              "title": "test user function",
              "fullTitle": "------------------spy--------------- test user function",
              "timedOut": false,
              "duration": 0,
              "state": "passed",
              "speed": "fast",
              "pass": true,
              "fail": false,
              "pending": false,
              "context": null,
              "code": "expect(studentObj.userId()).to.be.equal(12)",
              "err": {},
              "uuid": "69b41cc5-e86d-492a-a6af-34f2dc209588",
              "parentUUID": "e22b59d5-0a33-4fdc-973c-b195cc8e8245",
              "isHook": false,
              "skipped": false
            },
            {
              "title": "function arg check",
              "fullTitle": "------------------spy--------------- function arg check",
              "timedOut": false,
              "duration": 1,
              "state": "passed",
              "speed": "fast",
              "pass": true,
              "fail": false,
              "pending": false,
              "context": null,
              "code": "var spyObj = sinon.spy(studentObj, 'getInfo')\nstudentObj.home(5);\nexpect(spyObj.calledWith(5,1)).to.be.true;",
              "err": {},
              "uuid": "1621b88f-2597-4c33-88d1-cd8b3271c604",
              "parentUUID": "e22b59d5-0a33-4fdc-973c-b195cc8e8245",
              "isHook": false,
              "skipped": false
            }
          ],
          "suites": [],
          "passes": [
            "69b41cc5-e86d-492a-a6af-34f2dc209588",
            "1621b88f-2597-4c33-88d1-cd8b3271c604"
          ],
          "failures": [],
          "pending": [],
          "skipped": [],
          "duration": 1,
          "root": false,
          "rootEmpty": false,
          "_timeout": 2000
        },
        {
          "uuid": "9af87ed2-bb0e-4f11-aac1-115a20650dbd",
          "title": "-----------------stub----------------",
          "fullFile": "C:\\Users\\manishranjan.behera\\Desktop\\Testing\\test-case\\stub.spec.js",
          "file": "\\test-case\\stub.spec.js",
          "beforeHooks": [],
          "afterHooks": [],
          "tests": [
            {
              "title": "function arg check",
              "fullTitle": "-----------------stub---------------- function arg check",
              "timedOut": false,
              "duration": 2,
              "state": "passed",
              "speed": "fast",
              "pass": true,
              "fail": false,
              "pending": false,
              "context": null,
              "code": "var stub = sinon.stub(studentObj, 'getExternal')\nstub.withArgs(40).returns(5)\nexpect(studentObj.finalMarks(40)).to.be.equal(54);",
              "err": {},
              "uuid": "ce654d16-70c6-4432-aefc-a8a89d4b206a",
              "parentUUID": "9af87ed2-bb0e-4f11-aac1-115a20650dbd",
              "isHook": false,
              "skipped": false
            }
          ],
          "suites": [],
          "passes": [
            "ce654d16-70c6-4432-aefc-a8a89d4b206a"
          ],
          "failures": [],
          "pending": [],
          "skipped": [],
          "duration": 2,
          "root": false,
          "rootEmpty": false,
          "_timeout": 2000
        },
        {
          "uuid": "e77a96ed-e3f1-44d8-8e71-d246d10a7c0d",
          "title": "-------------API---------------",
          "fullFile": "C:\\Users\\manishranjan.behera\\Desktop\\Testing\\test-case\\Zapi.spec.js",
          "file": "\\test-case\\Zapi.spec.js",
          "beforeHooks": [],
          "afterHooks": [],
          "tests": [
            {
              "title": "get user",
              "fullTitle": "-------------API--------------- get user",
              "timedOut": false,
              "duration": 39,
              "state": "passed",
              "speed": "medium",
              "pass": true,
              "fail": false,
              "pending": false,
              "context": null,
              "code": "chai.request('http://localhost:3000')\n.get('/')\n.end((err,response)=>{\n    console.log(response.status)\n    expect(response.status).to.be.equal(200);\n    expect(response.body).to.have.nested.property('data.list')\n    done();\n})",
              "err": {},
              "uuid": "1ea59133-4785-4368-a1ce-704921c4c693",
              "parentUUID": "e77a96ed-e3f1-44d8-8e71-d246d10a7c0d",
              "isHook": false,
              "skipped": false
            }
          ],
          "suites": [],
          "passes": [
            "1ea59133-4785-4368-a1ce-704921c4c693"
          ],
          "failures": [],
          "pending": [],
          "skipped": [],
          "duration": 39,
          "root": false,
          "rootEmpty": false,
          "_timeout": 2000
        }
      ],
      "passes": [],
      "failures": [],
      "pending": [],
      "skipped": [],
      "duration": 0,
      "root": true,
      "rootEmpty": true,
      "_timeout": 2000
    }
  ],
  "meta": {
    "mocha": {
      "version": "10.2.0"
    },
    "mochawesome": {
      "options": {
        "quiet": false,
        "reportFilename": "mochawesome",
        "saveHtml": true,
        "saveJson": true,
        "consoleReporter": "spec",
        "useInlineDiffs": false,
        "code": true
      },
      "version": "7.1.3"
    },
    "marge": {
      "options": null,
      "version": "6.2.0"
    }
  }
}